#
# A fatal error has been detected by the Java Runtime Environment:
#
#  EXCEPTION_IN_PAGE_ERROR (0xc0000006) at pc=0x00007ffe7de7c810, pid=5484, tid=15388
#
# JRE version:  (11.0.14.1+1) (build )
# Java VM: OpenJDK 64-Bit Server VM (11.0.14.1+1, mixed mode, tiered, compressed oops, g1 gc, windows-amd64)
# Problematic frame:
# V  [jvm.dll+0x75c810]
#
# No core dump will be written. Minidumps are not enabled by default on client versions of Windows
#
#

---------------  S U M M A R Y ------------

Command Line: -Dfile.encoding=UTF-8 

Host: Intel(R) Core(TM) i7-6500U CPU @ 2.50GHz, 4 cores, 7G,  Windows 10 , 64 bit Build 19041 (10.0.19041.3155)
Time: Fri Sep  1 11:33:38 2023 Jordan Standard Time elapsed time: 16.174061 seconds (0d 0h 0m 16s)

---------------  T H R E A D  ---------------

Current thread (0x000002c3c0156800):  JavaThread "Unknown thread" [_thread_in_vm, id=15388, stack(0x000000c731e00000,0x000000c731f00000)]

Stack: [0x000000c731e00000,0x000000c731f00000],  sp=0x000000c731efeb18,  free space=1018k
Native frames: (J=compiled Java code, j=interpreted, Vv=VM code, C=native code)
V  [jvm.dll+0x75c810]
V  [jvm.dll+0x750a70]
V  [jvm.dll+0x749a97]
V  [jvm.dll+0x74eedc]
V  [jvm.dll+0x749d12]
V  [jvm.dll+0x749758]
V  [jvm.dll+0x748610]
V  [jvm.dll+0x74826d]
V  [jvm.dll+0x3715f9]
V  [jvm.dll+0x35f48d]
V  [jvm.dll+0x767aa0]
V  [jvm.dll+0x3ccf1f]
V  [jvm.dll+0x3cf2b1]
C  [jli.dll+0x5207]
C  [ucrtbase.dll+0x21bb2]
C  [KERNEL32.DLL+0x17614]
C  [ntdll.dll+0x526b1]


siginfo: EXCEPTION_IN_PAGE_ERROR (0xc0000006), data execution prevention violation at address 0x00007ffe7de7c810


Registers:
RAX=0x00007ffe7e1f8dd0, RBX=0x000002c3c0157440, RCX=0x00000000ffffffff, RDX=0x000002c3c0157440
RSP=0x000000c731efeb18, RBP=0x0000000000000000, RSI=0x00007ffe7e1f8dd0, RDI=0x0000000000000004
R8 =0x0000000000000001, R9 =0x000000c731efebb0, R10=0x000000c731efe968, R11=0x000000c731efeb70
R12=0x000000c731efecb8, R13=0x000000c731efecb0, R14=0x000000c731eff280, R15=0x000000c731efeca8
RIP=0x00007ffe7de7c810, EFLAGS=0x0000000000010202

Top of Stack: (sp=0x000000c731efeb18)
0x000000c731efeb18:   00007ffe7de70a70 0000000000000004
0x000000c731efeb28:   ffffffffffffffff ffffffffffffffff
0x000000c731efeb38:   00000008ffffffff 0000000000000001
0x000000c731efeb48:   00007ffe7de69a97 0000000000000000
0x000000c731efeb58:   00000001ffffffff 000000c731efef30
0x000000c731efeb68:   00007ffe7df01450 000000c731efec98
0x000000c731efeb78:   00007ffe7de6eedc 000000c731eff280
0x000000c731efeb88:   000000c731efef30 000000c731efec90
0x000000c731efeb98:   000000c731efef40 000000c731eff280
0x000000c731efeba8:   00007ffe7e1f8dd0 00000005000000fd
0x000000c731efebb8:   000000750000003d 00000000000000e5
0x000000c731efebc8:   0000000000000000 000000000003a900
0x000000c731efebd8:   0000792fec38aaf1 000002c3ca0e0d60
0x000000c731efebe8:   0000000000000002 000002c3ca0d905c
0x000000c731efebf8:   0000000000000010 000002c3ca0d9040
0x000000c731efec08:   000000c731eff280 00007ffe7e1f8dd0 

Instructions: (pc=0x00007ffe7de7c810)
0x00007ffe7de7c710:   e8 9b 09 00 00 80 3d 85 e8 34 00 00 4c 8d 8c 24
0x00007ffe7de7c720:   90 00 00 00 b9 18 00 00 00 c7 44 24 58 02 00 00
0x00007ffe7de7c730:   00 b8 10 00 00 00 c6 44 24 60 00 0f 45 c8 48 c7
0x00007ffe7de7c740:   44 24 70 00 00 00 00 48 8b 05 2a c8 1a 00 ba 0a
0x00007ffe7de7c750:   00 00 00 48 89 44 24 40 41 b8 00 00 28 00 48 8b
0x00007ffe7de7c760:   05 1b c8 1a 00 48 89 44 24 48 48 8b 05 7f c8 1a
0x00007ffe7de7c770:   00 0f 10 44 24 40 48 89 44 24 50 48 8d 05 ce 4c
0x00007ffe7de7c780:   08 00 48 89 44 24 68 48 8b 05 d2 c7 1a 00 48 89
0x00007ffe7de7c790:   44 24 30 89 4c 24 5c 0f 10 4c 24 50 48 8b 0d bd
0x00007ffe7de7c7a0:   01 38 00 0f 29 84 24 90 00 00 00 0f 10 44 24 60
0x00007ffe7de7c7b0:   48 89 44 24 28 48 8b 05 ac c7 1a 00 0f 29 84 24
0x00007ffe7de7c7c0:   b0 00 00 00 0f 10 84 24 80 00 00 00 48 89 44 24
0x00007ffe7de7c7d0:   20 0f 29 8c 24 a0 00 00 00 0f 10 4c 24 70 0f 29
0x00007ffe7de7c7e0:   84 24 d0 00 00 00 0f 29 8c 24 c0 00 00 00 e8 3d
0x00007ffe7de7c7f0:   1b df ff 48 8b 9c 24 f0 00 00 00 48 81 c4 e0 00
0x00007ffe7de7c800:   00 00 5f c3 cc cc cc cc cc cc cc cc cc cc cc cc
0x00007ffe7de7c810:   40 53 48 83 ec 20 ba 04 00 00 00 8b d9 8d 4a 05
0x00007ffe7de7c820:   e8 fb c1 8a ff 48 8b 15 3c c7 1a 00 48 8b 0d 2d
0x00007ffe7de7c830:   01 38 00 85 db 75 0d 4c 8b c2 48 83 c4 20 5b e9
0x00007ffe7de7c840:   cc 6d 9a ff 44 8b c3 48 83 c4 20 5b e9 cf 75 98
0x00007ffe7de7c850:   ff cc cc cc cc cc cc cc cc cc cc cc cc cc cc cc
0x00007ffe7de7c860:   48 83 ec 28 ba 04 00 00 00 8b ca e8 b0 c1 8a ff
0x00007ffe7de7c870:   4c 8b 05 f1 c6 1a 00 48 8b 15 f2 c6 1a 00 48 8b
0x00007ffe7de7c880:   0d db 00 38 00 e8 26 75 98 ff 48 8b 15 d7 c6 1a
0x00007ffe7de7c890:   00 48 8b 0d c8 00 38 00 e8 03 07 c1 ff 48 8b 15
0x00007ffe7de7c8a0:   cc c6 1a 00 48 8b 0d b5 00 38 00 48 83 c4 28 e9
0x00007ffe7de7c8b0:   5c 91 df ff cc cc cc cc cc cc cc cc cc cc cc cc
0x00007ffe7de7c8c0:   40 53 48 83 ec 50 48 8b 05 7b b7 31 00 48 33 c4
0x00007ffe7de7c8d0:   48 89 44 24 48 ba 09 00 00 00 8b d9 8d 4a fb e8
0x00007ffe7de7c8e0:   3c c1 8a ff 48 8b 15 7d c6 1a 00 33 c0 48 8b 0d
0x00007ffe7de7c8f0:   6c 00 38 00 4c 8b c2 c7 44 24 20 ff ff ff ff 89
0x00007ffe7de7c900:   44 24 34 48 89 44 24 38 88 44 24 40 e8 0f 71 99 



---------------  P R O C E S S  ---------------

Threads class SMR info:
_java_thread_list=0x000002c3c005db90, length=0, elements={
}

Java Threads: ( => current thread )

Other Threads:
  0x000002c3c0170800 GCTaskThread "GC Thread#0" [stack: 0x000000c731f00000,0x000000c732000000] [id=18588]
  0x000002c3c01a0000 ConcurrentGCThread "G1 Main Marker" [stack: 0x000000c732000000,0x000000c732100000] [id=15440]
  0x000002c3c01a1800 ConcurrentGCThread "G1 Conc#0" [stack: 0x000000c732100000,0x000000c732200000] [id=15292]
  0x000002c3c0225000 ConcurrentGCThread "G1 Refine#0" [stack: 0x000000c732200000,0x000000c732300000] [id=8440]
  0x000002c3c0227000 ConcurrentGCThread "G1 Young RemSet Sampling" [stack: 0x000000c732300000,0x000000c732400000] [id=19084]

=>0x000002c3c0156800 (exited) JavaThread "Unknown thread" [_thread_in_vm, id=15388, stack(0x000000c731e00000,0x000000c731f00000)]

Threads with active compile tasks:

VM state:not at safepoint (not fully initialized)

VM Mutex/Monitor currently owned by a thread: None

Heap address: 0x0000000084a00000, size: 1974 MB, Compressed Oops mode: 32-bit
Narrow klass base: 0x0000000000000000, Narrow klass shift: 3
Compressed class space size: 1073741824 Address: 0x0000000100000000

GC Heap History (0 events):
No events

Deoptimization events (0 events):
No events

Classes redefined (0 events):
No events

Internal exceptions (0 events):
No events

Events (1 events):
Event: 3.157 Loaded shared library D:\Unity Programs\Unity Hub\2022.3.7f1\Editor\Data\PlaybackEngines\AndroidPlayer\OpenJDK\bin\zip.dll


Dynamic libraries:
0x00007ff6834a0000 - 0x00007ff6834ad000 	D:\Unity Programs\Unity Hub\2022.3.7f1\Editor\Data\PlaybackEngines\AndroidPlayer\OpenJDK\bin\java.exe
0x00007fff2a570000 - 0x00007fff2a768000 	C:\WINDOWS\SYSTEM32\ntdll.dll
0x00007fff28eb0000 - 0x00007fff28f6f000 	C:\WINDOWS\System32\KERNEL32.DLL
0x00007fff282d0000 - 0x00007fff285c6000 	C:\WINDOWS\System32\KERNELBASE.dll
0x00007fff27e70000 - 0x00007fff27f70000 	C:\WINDOWS\System32\ucrtbase.dll
0x00007fff0d330000 - 0x00007fff0d347000 	D:\Unity Programs\Unity Hub\2022.3.7f1\Editor\Data\PlaybackEngines\AndroidPlayer\OpenJDK\bin\jli.dll
0x00007fff2a390000 - 0x00007fff2a52d000 	C:\WINDOWS\System32\USER32.dll
0x00007fff27f70000 - 0x00007fff27f92000 	C:\WINDOWS\System32\win32u.dll
0x00007fff28b80000 - 0x00007fff28bac000 	C:\WINDOWS\System32\GDI32.dll
0x00007fff281b0000 - 0x00007fff282c5000 	C:\WINDOWS\System32\gdi32full.dll
0x00007fff28080000 - 0x00007fff2811d000 	C:\WINDOWS\System32\msvcp_win.dll
0x00007fff172b0000 - 0x00007fff1754a000 	C:\WINDOWS\WinSxS\amd64_microsoft.windows.common-controls_6595b64144ccf1df_6.0.19041.1110_none_60b5254171f9507e\COMCTL32.dll
0x00007fff29130000 - 0x00007fff291ce000 	C:\WINDOWS\System32\msvcrt.dll
0x00007fff0d310000 - 0x00007fff0d325000 	D:\Unity Programs\Unity Hub\2022.3.7f1\Editor\Data\PlaybackEngines\AndroidPlayer\OpenJDK\bin\VCRUNTIME140.dll
0x00007fff28c60000 - 0x00007fff28c90000 	C:\WINDOWS\System32\IMM32.DLL
0x00007ffef55e0000 - 0x00007ffef567b000 	D:\Unity Programs\Unity Hub\2022.3.7f1\Editor\Data\PlaybackEngines\AndroidPlayer\OpenJDK\bin\msvcp140.dll
0x00007ffe7d720000 - 0x00007ffe7e2a1000 	D:\Unity Programs\Unity Hub\2022.3.7f1\Editor\Data\PlaybackEngines\AndroidPlayer\OpenJDK\bin\server\jvm.dll
0x00007fff29b20000 - 0x00007fff29bcf000 	C:\WINDOWS\System32\ADVAPI32.dll
0x00007fff29a70000 - 0x00007fff29b0c000 	C:\WINDOWS\System32\sechost.dll
0x00007fff28930000 - 0x00007fff28a56000 	C:\WINDOWS\System32\RPCRT4.dll
0x00007fff2a380000 - 0x00007fff2a388000 	C:\WINDOWS\System32\PSAPI.DLL
0x00007fff1ca20000 - 0x00007fff1ca47000 	C:\WINDOWS\SYSTEM32\WINMM.dll
0x00007ffeea4a0000 - 0x00007ffeea4a9000 	C:\WINDOWS\SYSTEM32\WSOCK32.dll
0x00007fff1f7a0000 - 0x00007fff1f7aa000 	C:\WINDOWS\SYSTEM32\VERSION.dll
0x00007fff28c90000 - 0x00007fff28cfb000 	C:\WINDOWS\System32\WS2_32.dll
0x00007fff264d0000 - 0x00007fff264e2000 	C:\WINDOWS\SYSTEM32\kernel.appcore.dll
0x00007fff0f970000 - 0x00007fff0f980000 	D:\Unity Programs\Unity Hub\2022.3.7f1\Editor\Data\PlaybackEngines\AndroidPlayer\OpenJDK\bin\verify.dll
0x00007fff26270000 - 0x00007fff26454000 	C:\WINDOWS\SYSTEM32\DBGHELP.DLL
0x00007fff1fa20000 - 0x00007fff1fa54000 	C:\WINDOWS\SYSTEM32\dbgcore.DLL
0x00007fff28120000 - 0x00007fff281a2000 	C:\WINDOWS\System32\bcryptPrimitives.dll
0x00007fff0d030000 - 0x00007fff0d058000 	D:\Unity Programs\Unity Hub\2022.3.7f1\Editor\Data\PlaybackEngines\AndroidPlayer\OpenJDK\bin\java.dll
0x00007fff0d300000 - 0x00007fff0d30a000 	D:\Unity Programs\Unity Hub\2022.3.7f1\Editor\Data\PlaybackEngines\AndroidPlayer\OpenJDK\bin\jimage.dll
0x00007fff0d160000 - 0x00007fff0d178000 	D:\Unity Programs\Unity Hub\2022.3.7f1\Editor\Data\PlaybackEngines\AndroidPlayer\OpenJDK\bin\zip.dll

dbghelp: loaded successfully - version: 4.0.5 - missing functions: none
symbol engine: initialized successfully - sym options: 0x614 - pdb path: .;D:\Unity Programs\Unity Hub\2022.3.7f1\Editor\Data\PlaybackEngines\AndroidPlayer\OpenJDK\bin;C:\WINDOWS\SYSTEM32;C:\WINDOWS\WinSxS\amd64_microsoft.windows.common-controls_6595b64144ccf1df_6.0.19041.1110_none_60b5254171f9507e;D:\Unity Programs\Unity Hub\2022.3.7f1\Editor\Data\PlaybackEngines\AndroidPlayer\OpenJDK\bin\server

VM Arguments:
jvm_args: -Dfile.encoding=UTF-8 
java_command: <unknown>
java_class_path (initial): <not set>
Launcher Type: SUN_STANDARD

[Global flags]
     intx CICompilerCount                          = 3                                         {product} {ergonomic}
     uint ConcGCThreads                            = 1                                         {product} {ergonomic}
     uint G1ConcRefinementThreads                  = 4                                         {product} {ergonomic}
   size_t G1HeapRegionSize                         = 1048576                                   {product} {ergonomic}
    uintx GCDrainStackTargetSize                   = 64                                        {product} {ergonomic}
   size_t InitialHeapSize                          = 130023424                                 {product} {ergonomic}
   size_t MarkStackSize                            = 4194304                                   {product} {ergonomic}
   size_t MaxHeapSize                              = 2069889024                                {product} {ergonomic}
   size_t MaxNewSize                               = 1241513984                                {product} {ergonomic}
   size_t MinHeapDeltaBytes                        = 1048576                                   {product} {ergonomic}
    uintx NonNMethodCodeHeapSize                   = 5830732                                {pd product} {ergonomic}
    uintx NonProfiledCodeHeapSize                  = 122913754                              {pd product} {ergonomic}
    uintx ProfiledCodeHeapSize                     = 122913754                              {pd product} {ergonomic}
    uintx ReservedCodeCacheSize                    = 251658240                              {pd product} {ergonomic}
     bool SegmentedCodeCache                       = true                                      {product} {ergonomic}
     bool UseCompressedClassPointers               = true                                 {lp64_product} {ergonomic}
     bool UseCompressedOops                        = true                                 {lp64_product} {ergonomic}
     bool UseG1GC                                  = true                                      {product} {ergonomic}
     bool UseLargePagesIndividualAllocation        = false                                  {pd product} {ergonomic}

Logging:
Log output configuration:
 #0: stdout all=warning uptime,level,tags
 #1: stderr all=off uptime,level,tags

Environment Variables:
JAVA_TOOL_OPTIONS=-Dfile.encoding=UTF-8
PATH=C:\Program Files (x86)\Common Files\Intel\Shared Libraries\redist\intel64\compiler;C:\WINDOWS\system32;C:\WINDOWS;C:\WINDOWS\System32\Wbem;C:\WINDOWS\System32\WindowsPowerShell\v1.0\;C:\WINDOWS\System32\OpenSSH\;C:\Users\yh834\AppData\Local\Microsoft\WindowsApps;
USERNAME=yh834
OS=Windows_NT
PROCESSOR_IDENTIFIER=Intel64 Family 6 Model 78 Stepping 3, GenuineIntel



---------------  S Y S T E M  ---------------

OS: Windows 10 , 64 bit Build 19041 (10.0.19041.3155)
OS uptime: 1 days 19:04 hours

CPU:total 4 (initial active 4) (2 cores per cpu, 2 threads per core) family 6 model 78 stepping 3 microcode 0xdc, cmov, cx8, fxsr, mmx, sse, sse2, sse3, ssse3, sse4.1, sse4.2, popcnt, avx, avx2, aes, clmul, erms, 3dnowpref, lzcnt, ht, tsc, tscinvbit, bmi1, bmi2, adx, fma

Memory: 4k page, system-wide physical 7891M (1022M free)
TotalPageFile size 15571M (AvailPageFile size 4001M)
current process WorkingSet (physical memory assigned to process): 16M, peak: 16M
current process commit charge ("private bytes"): 182M, peak: 182M

vm_info: OpenJDK 64-Bit Server VM (11.0.14.1+1) for windows-amd64 JRE (11.0.14.1+1), built on Feb  9 2022 01:48:27 by "" with unknown MS VC++:1916

END.
